<?xml version="1.0" encoding="UTF-8"?>
<!-- Generated by org.testng.reporters.JUnitXMLReporter -->
<testsuite ignored="3" hostname="LTIN237798" failures="0" tests="3" name="RegressionTest" time="4.812" errors="0" timestamp="2022-01-07T15:36:19 IST">
  <testcase classname="testsuite.TestCase" name="@BeforeTest callingBrowser" time="4.762">
    <failure type="org.openqa.selenium.SessionNotCreatedException" message="session not created: This version of ChromeDriver only supports Chrome version 90
Current browser version is 95.0.4638.69 with binary path C:\Program Files\Google\Chrome\Application\chrome.exe
Build info: version: &amp;apos;3.141.59&amp;apos;, revision: &amp;apos;e82be7d358&amp;apos;, time: &amp;apos;2018-11-14T08:17:03&amp;apos;
System info: host: &amp;apos;LTIN237798&amp;apos;, ip: &amp;apos;192.168.0.104&amp;apos;, os.name: &amp;apos;Windows 10&amp;apos;, os.arch: &amp;apos;amd64&amp;apos;, os.version: &amp;apos;10.0&amp;apos;, java.version: &amp;apos;17&amp;apos;
Driver info: driver.version: ChromeDriver
remote stacktrace: Backtrace:
	Ordinal0 [0x00D3C013+2474003]
	Ordinal0 [0x00CD29C1+2042305]
	Ordinal0 [0x00BE2F68+1060712]
	Ordinal0 [0x00C0188E+1185934]
	Ordinal0 [0x00BFD600+1168896]
	Ordinal0 [0x00BFAA83+1157763]
	Ordinal0 [0x00C2A2A2+1352354]
	Ordinal0 [0x00C28FAA+1347498]
	Ordinal0 [0x00C266DB+1337051]
	Ordinal0 [0x00C03427+1192999]
	Ordinal0 [0x00C042EE+1196782]
	Ordinal0 [0x00C04279+1196665]
	GetHandleVerifier [0x00EC96FC+1590332]
	GetHandleVerifier [0x00F78614+2306900]
	GetHandleVerifier [0x00DC9E93+543699]
	GetHandleVerifier [0x00DC92CE+540686]
	Ordinal0 [0x00CD86BA+2066106]
	Ordinal0 [0x00CDD1C8+2085320]
	Ordinal0 [0x00CDD308+2085640]
	Ordinal0 [0x00CE67F3+2123763]
	BaseThreadInitThunk [0x76C56359+25]
	RtlGetAppContainerNamedObjectPath [0x77C287A4+228]
	RtlGetAppContainerNamedObjectPath [0x77C28774+180]
">
      <![CDATA[org.openqa.selenium.SessionNotCreatedException: session not created: This version of ChromeDriver only supports Chrome version 90
Current browser version is 95.0.4638.69 with binary path C:\Program Files\Google\Chrome\Application\chrome.exe
Build info: version: '3.141.59', revision: 'e82be7d358', time: '2018-11-14T08:17:03'
System info: host: 'LTIN237798', ip: '192.168.0.104', os.name: 'Windows 10', os.arch: 'amd64', os.version: '10.0', java.version: '17'
Driver info: driver.version: ChromeDriver
remote stacktrace: Backtrace:
Ordinal0 [0x00D3C013+2474003]
Ordinal0 [0x00CD29C1+2042305]
Ordinal0 [0x00BE2F68+1060712]
Ordinal0 [0x00C0188E+1185934]
Ordinal0 [0x00BFD600+1168896]
Ordinal0 [0x00BFAA83+1157763]
Ordinal0 [0x00C2A2A2+1352354]
Ordinal0 [0x00C28FAA+1347498]
Ordinal0 [0x00C266DB+1337051]
Ordinal0 [0x00C03427+1192999]
Ordinal0 [0x00C042EE+1196782]
Ordinal0 [0x00C04279+1196665]
GetHandleVerifier [0x00EC96FC+1590332]
GetHandleVerifier [0x00F78614+2306900]
GetHandleVerifier [0x00DC9E93+543699]
GetHandleVerifier [0x00DC92CE+540686]
Ordinal0 [0x00CD86BA+2066106]
Ordinal0 [0x00CDD1C8+2085320]
Ordinal0 [0x00CDD308+2085640]
Ordinal0 [0x00CE67F3+2123763]
BaseThreadInitThunk [0x76C56359+25]
RtlGetAppContainerNamedObjectPath [0x77C287A4+228]
RtlGetAppContainerNamedObjectPath [0x77C28774+180]

at org.openqa.selenium.remote.W3CHandshakeResponse.lambda$errorHandler$0(W3CHandshakeResponse.java:62)
at org.openqa.selenium.remote.HandshakeResponse.lambda$getResponseFunction$0(HandshakeResponse.java:30)
at org.openqa.selenium.remote.ProtocolHandshake.lambda$createSession$0(ProtocolHandshake.java:126)
at java.base/java.util.stream.ReferencePipeline$3$1.accept(ReferencePipeline.java:197)
at java.base/java.util.Spliterators$ArraySpliterator.tryAdvance(Spliterators.java:1002)
at java.base/java.util.stream.ReferencePipeline.forEachWithCancel(ReferencePipeline.java:129)
at java.base/java.util.stream.AbstractPipeline.copyIntoWithCancel(AbstractPipeline.java:527)
at java.base/java.util.stream.AbstractPipeline.copyInto(AbstractPipeline.java:513)
at java.base/java.util.stream.AbstractPipeline.wrapAndCopyInto(AbstractPipeline.java:499)
at java.base/java.util.stream.FindOps$FindOp.evaluateSequential(FindOps.java:150)
at java.base/java.util.stream.AbstractPipeline.evaluate(AbstractPipeline.java:234)
at java.base/java.util.stream.ReferencePipeline.findFirst(ReferencePipeline.java:647)
at org.openqa.selenium.remote.ProtocolHandshake.createSession(ProtocolHandshake.java:128)
at org.openqa.selenium.remote.ProtocolHandshake.createSession(ProtocolHandshake.java:74)
at org.openqa.selenium.remote.HttpCommandExecutor.execute(HttpCommandExecutor.java:136)
at org.openqa.selenium.remote.service.DriverCommandExecutor.execute(DriverCommandExecutor.java:83)
at org.openqa.selenium.remote.RemoteWebDriver.execute(RemoteWebDriver.java:552)
at org.openqa.selenium.remote.RemoteWebDriver.startSession(RemoteWebDriver.java:213)
at org.openqa.selenium.remote.RemoteWebDriver.<init>(RemoteWebDriver.java:131)
at org.openqa.selenium.chrome.ChromeDriver.<init>(ChromeDriver.java:181)
at org.openqa.selenium.chrome.ChromeDriver.<init>(ChromeDriver.java:168)
at org.openqa.selenium.chrome.ChromeDriver.<init>(ChromeDriver.java:157)
at browserconfiguration.Browser.startChromeBrowser(Browser.java:71)
at browserconfiguration.Browser.setDriver(Browser.java:43)
at testsuite.TestCase.callingBrowser(TestCase.java:42)
... Removed 29 stack frames]]>
    </failure>
  </testcase> <!-- @BeforeTest callingBrowser -->
  <testcase classname="testsuite.TestCase" name="@AfterTest closingBrowser" time="-1.641549979673E9">
    <skipped/>
  </testcase> <!-- @AfterTest closingBrowser -->
  <testcase classname="testsuite.TestCase" name="displayUpcomingHondaBikesTest" time="0.0">
    <skipped/>
  </testcase> <!-- displayUpcomingHondaBikesTest -->
  <testcase classname="testsuite.TestCase" name="displayPopularUsedCarsModelsTest" time="0.0">
    <skipped/>
  </testcase> <!-- displayPopularUsedCarsModelsTest -->
  <testcase classname="testsuite.TestCase" name="verifyLoginTest" time="0.0">
    <skipped/>
  </testcase> <!-- verifyLoginTest -->
  <testcase classname="testsuite.TestCase" name="verifyingUpComingHondaBikesTest" time="0.0">
    <ignored/>
  </testcase> <!-- verifyingUpComingHondaBikesTest -->
  <testcase classname="testsuite.TestCase" name="verifyPopularCarModel" time="0.0">
    <ignored/>
  </testcase> <!-- verifyPopularCarModel -->
  <testcase classname="testsuite.TestCase" name="verifyLoginFunctionalTest" time="0.0">
    <ignored/>
  </testcase> <!-- verifyLoginFunctionalTest -->
</testsuite> <!-- RegressionTest -->
